<?xml version="1.0" encoding="UTF-8" ?>
<testsuite failures="0" time="0.012" errors="0" skipped="0" tests="4" name="com.ibatis.jpetstore.service.OrderServiceTest">
  <properties>
[...]
</properties>
  <testcase time="0.007" classname="com.ibatis.jpetstore.service.OrderServiceTest" name="testShouldCallGetOrderOnOrderDao"/>
  <testcase time="0.001" classname="com.ibatis.jpetstore.service.OrderServiceTest" name="testShouldCallGetOrdersByUsernameOnOrderDao"/>
  <testcase time="0.002" classname="com.ibatis.jpetstore.service.OrderServiceTest" name="testShouldCallInsertOrderOnOrderDao"/>
  <testcase time="0" classname="com.ibatis.jpetstore.service.OrderServiceTest" name="testShouldCallGetNextIdOnSequenceDao"/>
</testsuite>